<?xml version="1.0" encoding="UTF-8"?>
<!-- Generated by org.testng.reporters.JUnitReportReporter -->
<testsuite hostname="Ganeshas-MacBook-Pro.local" failures="0" tests="1" name="testcases.mytheresa.BitGoTest1" time="1841.841" errors="0" timestamp="16 Dec 2023 12:51:11 GMT" skipped="0">
  <testcase classname="testcases.mytheresa.BitGoTest1" name="bitGoStep1" time="1841.841"/>
</testsuite> <!-- testcases.mytheresa.BitGoTest1 -->
